2019-10-31 09:52:31,977 INFO o.s.b.StartupInfoLogger [restartedMain] Starting PlibMobiApplication on R11LBRPF13US63 with PID 25092 (C:\workspace\plibmobi-brasil-mobile\target\classes started by HB16131 in C:\workspace\plibmobi-brasil-mobile)
2019-10-31 09:52:31,989 INFO o.s.b.SpringApplication [restartedMain] The following profiles are active: uat
2019-10-31 09:52:32,381 INFO o.s.c.s.AbstractApplicationContext [restartedMain] Refreshing org.springframework.boot.web.servlet.context.AnnotationConfigServletWebServerApplicationContext@2b39bf96: startup date [Thu Oct 31 09:52:32 BRT 2019]; root of context hierarchy
2019-10-31 09:52:35,345 INFO o.s.c.s.PostProcessorRegistrationDelegate$BeanPostProcessorChecker [restartedMain] Bean 'org.springframework.ws.config.annotation.DelegatingWsConfiguration' of type [org.springframework.ws.config.annotation.DelegatingWsConfiguration$$EnhancerBySpringCGLIB$$b654ef96] is not eligible for getting processed by all BeanPostProcessors (for example: not eligible for auto-proxying)
2019-10-31 09:52:35,396 INFO o.s.w.s.a.s.AbstractAddressingEndpointMapping [restartedMain] Supporting [WS-Addressing August 2004, WS-Addressing 1.0]
2019-10-31 09:52:35,462 INFO o.s.c.s.PostProcessorRegistrationDelegate$BeanPostProcessorChecker [restartedMain] Bean 'org.springframework.transaction.annotation.ProxyTransactionManagementConfiguration' of type [org.springframework.transaction.annotation.ProxyTransactionManagementConfiguration$$EnhancerBySpringCGLIB$$11bd2a97] is not eligible for getting processed by all BeanPostProcessors (for example: not eligible for auto-proxying)
2019-10-31 09:52:35,529 INFO o.s.c.s.PostProcessorRegistrationDelegate$BeanPostProcessorChecker [restartedMain] Bean 'org.springframework.cache.annotation.ProxyCachingConfiguration' of type [org.springframework.cache.annotation.ProxyCachingConfiguration$$EnhancerBySpringCGLIB$$5acf60b5] is not eligible for getting processed by all BeanPostProcessors (for example: not eligible for auto-proxying)
2019-10-31 09:52:35,556 INFO o.s.c.s.PostProcessorRegistrationDelegate$BeanPostProcessorChecker [restartedMain] Bean 'org.springframework.boot.autoconfigure.cache.CacheAutoConfiguration' of type [org.springframework.boot.autoconfigure.cache.CacheAutoConfiguration$$EnhancerBySpringCGLIB$$4f432559] is not eligible for getting processed by all BeanPostProcessors (for example: not eligible for auto-proxying)
2019-10-31 09:52:35,588 INFO o.s.c.s.PostProcessorRegistrationDelegate$BeanPostProcessorChecker [restartedMain] Bean 'org.springframework.boot.context.properties.ConversionServiceDeducer$Factory' of type [org.springframework.boot.context.properties.ConversionServiceDeducer$Factory] is not eligible for getting processed by all BeanPostProcessors (for example: not eligible for auto-proxying)
2019-10-31 09:52:35,592 INFO o.s.c.s.PostProcessorRegistrationDelegate$BeanPostProcessorChecker [restartedMain] Bean 'spring.cache-org.springframework.boot.autoconfigure.cache.CacheProperties' of type [org.springframework.boot.autoconfigure.cache.CacheProperties] is not eligible for getting processed by all BeanPostProcessors (for example: not eligible for auto-proxying)
2019-10-31 09:52:35,606 INFO o.s.c.s.PostProcessorRegistrationDelegate$BeanPostProcessorChecker [restartedMain] Bean 'cacheManagerCustomizers' of type [org.springframework.boot.autoconfigure.cache.CacheManagerCustomizers] is not eligible for getting processed by all BeanPostProcessors (for example: not eligible for auto-proxying)
2019-10-31 09:52:35,618 INFO o.s.c.s.PostProcessorRegistrationDelegate$BeanPostProcessorChecker [restartedMain] Bean 'org.springframework.boot.autoconfigure.cache.SimpleCacheConfiguration' of type [org.springframework.boot.autoconfigure.cache.SimpleCacheConfiguration$$EnhancerBySpringCGLIB$$f0de983a] is not eligible for getting processed by all BeanPostProcessors (for example: not eligible for auto-proxying)
2019-10-31 09:52:35,641 INFO o.s.c.s.PostProcessorRegistrationDelegate$BeanPostProcessorChecker [restartedMain] Bean 'cacheManager' of type [org.springframework.cache.concurrent.ConcurrentMapCacheManager] is not eligible for getting processed by all BeanPostProcessors (for example: not eligible for auto-proxying)
2019-10-31 09:52:35,646 INFO o.s.c.s.PostProcessorRegistrationDelegate$BeanPostProcessorChecker [restartedMain] Bean 'cacheAutoConfigurationValidator' of type [org.springframework.boot.autoconfigure.cache.CacheAutoConfiguration$CacheManagerValidator] is not eligible for getting processed by all BeanPostProcessors (for example: not eligible for auto-proxying)
2019-10-31 09:52:36,368 INFO o.s.b.w.e.t.TomcatWebServer [restartedMain] Tomcat initialized with port(s): 8034 (http)
2019-10-31 09:52:36,383 INFO o.a.j.l.DirectJDKLog [restartedMain] Initializing ProtocolHandler ["http-nio-8034"]
2019-10-31 09:52:36,394 INFO o.a.j.l.DirectJDKLog [restartedMain] Starting service [Tomcat]
2019-10-31 09:52:36,395 INFO o.a.j.l.DirectJDKLog [restartedMain] Starting Servlet Engine: Apache Tomcat/8.5.28
2019-10-31 09:52:36,403 INFO o.a.j.l.DirectJDKLog [localhost-startStop-1] The APR based Apache Tomcat Native library which allows optimal performance in production environments was not found on the java.library.path: [C:\Program Files\Java\jdk1.8.0_211\bin;C:\WINDOWS\Sun\Java\bin;C:\WINDOWS\system32;C:\WINDOWS;C:\Program Files\Java\jdk1.8.0_211\jre\bin;C:/Program Files/Java/jre1.8.0_211/bin/server;C:/Program Files/Java/jre1.8.0_211/bin;C:/Program Files/Java/jre1.8.0_211/lib/amd64;C:\Program Files (x86)\Common Files\Oracle\Java\javapath;C:\Program Files (x86)\Intel\iCLS Client\;C:\Program Files\Intel\iCLS Client\;C:\WINDOWS\system32;C:\WINDOWS;C:\WINDOWS\System32\Wbem;C:\WINDOWS\System32\WindowsPowerShell\v1.0\;C:\WINDOWS\System32\OpenSSH\;C:\Program Files\Java\jdk1.8.0_211\bin;C:\apache-ant-1.8.2\bin;C:\Program Files (x86)\Brackets\command;C:\Program Files\PuTTY\;C:\apache-maven-3.6.0\bin;C:\Program Files\Git\cmd;C:\Program Files\Git\mingw64\bin;C:\Program Files\Git\usr\bin;C:\Program Files\dotnet\;C:\Program Files (x86)\dotnet\;C:\PostgreSQL\10\bin;C:\Program Files\Intel\WiFi\bin\;C:\Program Files\Common Files\Intel\WirelessCommon\;C:\Users\HB16131\AppData\Local\Microsoft\WindowsApps;C:\Users\HB16131\AppData\Local\Programs\Microsoft VS Code\bin;C:\Program Files\heroku\bin;C:\Program Files\PostgreSQL\11\bin;;C:\Users\HB16131\Desktop;;.]
2019-10-31 09:52:36,567 INFO o.a.j.l.DirectJDKLog [localhost-startStop-1] Initializing Spring embedded WebApplicationContext
2019-10-31 09:52:36,567 INFO o.s.b.w.s.c.ServletWebServerApplicationContext [localhost-startStop-1] Root WebApplicationContext: initialization completed in 4189 ms
2019-10-31 09:52:38,093 INFO o.s.b.w.s.AbstractFilterRegistrationBean [localhost-startStop-1] Mapping filter: 'characterEncodingFilter' to: [/*]
2019-10-31 09:52:38,093 INFO o.s.b.w.s.AbstractFilterRegistrationBean [localhost-startStop-1] Mapping filter: 'hiddenHttpMethodFilter' to: [/*]
2019-10-31 09:52:38,093 INFO o.s.b.w.s.AbstractFilterRegistrationBean [localhost-startStop-1] Mapping filter: 'httpPutFormContentFilter' to: [/*]
2019-10-31 09:52:38,093 INFO o.s.b.w.s.AbstractFilterRegistrationBean [localhost-startStop-1] Mapping filter: 'requestContextFilter' to: [/*]
2019-10-31 09:52:38,094 INFO o.s.b.w.s.AbstractFilterRegistrationBean [localhost-startStop-1] Mapping filter: 'springSecurityFilterChain' to: [/*]
2019-10-31 09:52:38,095 INFO o.s.b.w.s.AbstractFilterRegistrationBean [localhost-startStop-1] Mapping filter: 'httpTraceFilter' to: [/*]
2019-10-31 09:52:38,095 INFO o.s.b.w.s.AbstractFilterRegistrationBean [localhost-startStop-1] Mapping filter: 'webMvcMetricsFilter' to: [/*]
2019-10-31 09:52:38,096 INFO o.s.b.w.s.ServletRegistrationBean [localhost-startStop-1] Servlet dispatcherServlet mapped to [/]
2019-10-31 09:52:38,099 INFO o.s.b.w.s.ServletRegistrationBean [localhost-startStop-1] Servlet messageDispatcherServlet mapped to [/services/*]
2019-10-31 09:52:38,264 INFO c.z.h.HikariDataSource [restartedMain] HikariPool-1 - Starting...
2019-10-31 09:52:38,267 WARN c.z.h.u.DriverDataSource [restartedMain] Registered driver with driverClassName=oracle.jdbc.driver.OracleDriver was not found, trying direct instantiation.
2019-10-31 09:52:44,944 INFO c.z.h.HikariDataSource [restartedMain] HikariPool-1 - Start completed.
2019-10-31 09:52:45,034 INFO o.s.o.j.LocalContainerEntityManagerFactoryBean [restartedMain] Building JPA container EntityManagerFactory for persistence unit 'default'
2019-10-31 09:52:45,057 INFO o.h.j.i.u.LogHelper [restartedMain] HHH000204: Processing PersistenceUnitInfo [
	name: default
	...]
2019-10-31 09:52:45,222 INFO o.h.Version [restartedMain] HHH000412: Hibernate Core {5.2.14.Final}
2019-10-31 09:52:45,224 INFO o.h.c.Environment [restartedMain] HHH000206: hibernate.properties not found
2019-10-31 09:52:45,333 INFO o.h.a.c.r.j.JavaReflectionManager [restartedMain] HCANN000001: Hibernate Commons Annotations {5.0.1.Final}
2019-10-31 09:52:46,569 INFO o.h.d.Dialect [restartedMain] HHH000400: Using dialect: org.hibernate.dialect.Oracle10gDialect
2019-10-31 09:52:53,136 INFO o.s.o.j.AbstractEntityManagerFactoryBean [restartedMain] Initialized JPA EntityManagerFactory for persistence unit 'default'
2019-10-31 09:52:57,526 INFO o.s.s.w.DefaultSecurityFilterChain [restartedMain] Creating filter chain: org.springframework.security.web.util.matcher.AnyRequestMatcher@1, [org.springframework.security.web.context.request.async.WebAsyncManagerIntegrationFilter@7ba44d2a, org.springframework.security.web.context.SecurityContextPersistenceFilter@5719dfd1, org.springframework.security.web.header.HeaderWriterFilter@109670ca, org.springframework.security.web.csrf.CsrfFilter@27584aa, org.springframework.security.web.authentication.logout.LogoutFilter@2c74dcbb, org.springframework.security.web.authentication.UsernamePasswordAuthenticationFilter@3041c2be, org.springframework.security.web.savedrequest.RequestCacheAwareFilter@793cc257, org.springframework.security.web.servletapi.SecurityContextHolderAwareRequestFilter@2437720a, org.springframework.security.web.authentication.AnonymousAuthenticationFilter@4ef9fe06, org.springframework.security.web.session.SessionManagementFilter@5be39143, org.springframework.security.web.access.ExceptionTranslationFilter@588c3cf6, org.springframework.security.web.access.intercept.FilterSecurityInterceptor@eca1475]
2019-10-31 09:52:58,430 INFO o.s.w.s.m.m.a.RequestMappingHandlerAdapter [restartedMain] Looking for @ControllerAdvice: org.springframework.boot.web.servlet.context.AnnotationConfigServletWebServerApplicationContext@2b39bf96: startup date [Thu Oct 31 09:52:32 BRT 2019]; root of context hierarchy
2019-10-31 09:52:58,522 WARN o.s.b.a.o.j.JpaBaseConfiguration$JpaWebConfiguration$JpaWebMvcConfiguration [restartedMain] spring.jpa.open-in-view is enabled by default. Therefore, database queries may be performed during view rendering. Explicitly configure spring.jpa.open-in-view to disable this warning
2019-10-31 09:52:58,567 INFO o.s.w.s.h.AbstractHandlerMethodMapping$MappingRegistry [restartedMain] Mapped "{[/purchase/init],methods=[GET]}" onto public org.springframework.web.servlet.ModelAndView com.brightstar.plibmobi.controller.PurchaseController.init()
2019-10-31 09:52:58,570 INFO o.s.w.s.h.AbstractHandlerMethodMapping$MappingRegistry [restartedMain] Mapped "{[/purchase/searchImei],methods=[GET]}" onto public com.brightstar.plibmobi.model.view.ResultAjax com.brightstar.plibmobi.controller.PurchaseController.findServicOrderByImeiWithSteps(java.lang.String)
2019-10-31 09:52:58,573 INFO o.s.w.s.h.AbstractHandlerMethodMapping$MappingRegistry [restartedMain] Mapped "{[/receive/init],methods=[GET]}" onto public org.springframework.web.servlet.ModelAndView com.brightstar.plibmobi.controller.ReceiveController.init()
2019-10-31 09:52:58,573 INFO o.s.w.s.h.AbstractHandlerMethodMapping$MappingRegistry [restartedMain] Mapped "{[/receive/save],methods=[POST]}" onto public org.springframework.web.servlet.ModelAndView com.brightstar.plibmobi.controller.ReceiveController.save(com.brightstar.plibmobi.model.view.ReceiveForm,org.springframework.ui.Model) throws java.lang.Exception
2019-10-31 09:52:58,574 INFO o.s.w.s.h.AbstractHandlerMethodMapping$MappingRegistry [restartedMain] Mapped "{[/receive/validateImei],methods=[GET]}" onto public com.brightstar.plibmobi.model.view.ReceiveView com.brightstar.plibmobi.controller.ReceiveController.verifySla(java.lang.String,boolean)
2019-10-31 09:52:58,574 INFO o.s.w.s.h.AbstractHandlerMethodMapping$MappingRegistry [restartedMain] Mapped "{[/receive/list],methods=[GET]}" onto public org.springframework.web.servlet.ModelAndView com.brightstar.plibmobi.controller.ReceiveController.listReceived()
2019-10-31 09:52:58,577 INFO o.s.w.s.h.AbstractHandlerMethodMapping$MappingRegistry [restartedMain] Mapped "{[/test/save],methods=[POST]}" onto public com.brightstar.plibmobi.model.view.RequestReceived com.brightstar.plibmobi.rest.TestController.save(com.brightstar.plibmobi.model.view.RequestReceived)
2019-10-31 09:52:58,578 INFO o.s.w.s.h.AbstractHandlerMethodMapping$MappingRegistry [restartedMain] Mapped "{[/test/provider/{id}],methods=[GET]}" onto public org.springframework.http.ResponseEntity<com.brightstar.plibmobi.model.Provider> com.brightstar.plibmobi.rest.TestController.getProvider(java.lang.Integer)
2019-10-31 09:52:58,578 INFO o.s.w.s.h.AbstractHandlerMethodMapping$MappingRegistry [restartedMain] Mapped "{[/test/receivedTransport/{id}],methods=[GET]}" onto public org.springframework.http.ResponseEntity<com.brightstar.plibmobi.model.ReceivedTransporter> com.brightstar.plibmobi.rest.TestController.getReceivedTransport(java.lang.Integer)
2019-10-31 09:52:58,578 INFO o.s.w.s.h.AbstractHandlerMethodMapping$MappingRegistry [restartedMain] Mapped "{[/test/ods/findSerial/{serialNumber}],methods=[GET]}" onto public org.springframework.http.ResponseEntity<java.util.List<com.brightstar.plibmobi.model.ServiceOrder>> com.brightstar.plibmobi.rest.TestController.findServiceOrderByImei(java.lang.String)
2019-10-31 09:52:58,579 INFO o.s.w.s.h.AbstractHandlerMethodMapping$MappingRegistry [restartedMain] Mapped "{[/test/verifySla/{serialNumber}],methods=[GET]}" onto public org.springframework.http.ResponseEntity<com.brightstar.plibmobi.model.view.ReceiveView> com.brightstar.plibmobi.rest.TestController.verifySla(java.lang.String)
2019-10-31 09:52:58,580 INFO o.s.w.s.h.AbstractHandlerMethodMapping$MappingRegistry [restartedMain] Mapped "{[/test/axDimension/{serialNumber}],methods=[GET]}" onto public java.lang.String com.brightstar.plibmobi.rest.TestController.findDimension(java.lang.String)
2019-10-31 09:52:58,580 INFO o.s.w.s.h.AbstractHandlerMethodMapping$MappingRegistry [restartedMain] Mapped "{[/test/masterbox/{id}],methods=[GET]}" onto public org.springframework.http.ResponseEntity<com.brightstar.plibmobi.model.TransactionMaster> com.brightstar.plibmobi.rest.TestController.getMasterBox(java.lang.Integer)
2019-10-31 09:52:58,581 INFO o.s.w.s.h.AbstractHandlerMethodMapping$MappingRegistry [restartedMain] Mapped "{[/test/ods/{id}],methods=[GET]}" onto public org.springframework.http.ResponseEntity<com.brightstar.plibmobi.model.ServiceOrder> com.brightstar.plibmobi.rest.TestController.getUsers(java.lang.Integer)
2019-10-31 09:52:58,581 INFO o.s.w.s.h.AbstractHandlerMethodMapping$MappingRegistry [restartedMain] Mapped "{[/test/odsBbeMpx/{serviceOrderId}],methods=[GET]}" onto public org.springframework.http.ResponseEntity<java.util.List<com.brightstar.plibmobi.model.ServiceOrderBbeMpx>> com.brightstar.plibmobi.rest.TestController.findServiceOrderBbeMpxById(java.lang.Integer)
2019-10-31 09:52:58,581 INFO o.s.w.s.h.AbstractHandlerMethodMapping$MappingRegistry [restartedMain] Mapped "{[/test/odsBuyback/{serviceOrderId}],methods=[GET]}" onto public org.springframework.http.ResponseEntity<com.brightstar.plibmobi.model.ServiceOrderBuyback> com.brightstar.plibmobi.rest.TestController.findServiceOrderBuybackById(java.lang.Integer)
2019-10-31 09:52:58,582 INFO o.s.w.s.h.AbstractHandlerMethodMapping$MappingRegistry [restartedMain] Mapped "{[/test/pendentTransfer],methods=[GET]}" onto public org.springframework.http.ResponseEntity<java.util.List<com.brightstar.plibmobi.model.TransactionUnit>> com.brightstar.plibmobi.rest.TestController.findPendentTransfer()
2019-10-31 09:52:58,582 INFO o.s.w.s.h.AbstractHandlerMethodMapping$MappingRegistry [restartedMain] Mapped "{[/test/checklistGroup/{id}],methods=[GET]}" onto public org.springframework.http.ResponseEntity<com.brightstar.plibmobi.model.ChecklistGroup> com.brightstar.plibmobi.rest.TestController.findChecklistGroup(java.lang.Integer)
2019-10-31 09:52:58,582 INFO o.s.w.s.h.AbstractHandlerMethodMapping$MappingRegistry [restartedMain] Mapped "{[/test/interfaceXref/{xref}],methods=[GET]}" onto public org.springframework.http.ResponseEntity<com.brightstar.plibmobi.model.InterfaceXref> com.brightstar.plibmobi.rest.TestController.findInterfaceXref(java.lang.String)
2019-10-31 09:52:58,583 INFO o.s.w.s.h.AbstractHandlerMethodMapping$MappingRegistry [restartedMain] Mapped "{[/test/interfaceRequest/{transaction}],methods=[GET]}" onto public org.springframework.http.ResponseEntity<com.brightstar.plibmobi.model.InterfaceRequest> com.brightstar.plibmobi.rest.TestController.findInterfaceRequest(java.lang.Integer)
2019-10-31 09:52:58,584 INFO o.s.w.s.h.AbstractHandlerMethodMapping$MappingRegistry [restartedMain] Mapped "{[/test/modelPartNumber/{modelId}],methods=[GET]}" onto public org.springframework.http.ResponseEntity<java.util.List<com.brightstar.plibmobi.model.ModelPartNumber>> com.brightstar.plibmobi.rest.TestController.findMpn(java.lang.Integer)
2019-10-31 09:52:58,584 INFO o.s.w.s.h.AbstractHandlerMethodMapping$MappingRegistry [restartedMain] Mapped "{[/test/transferDeposit/{serviceOrderId}],methods=[GET]}" onto public org.springframework.http.ResponseEntity<com.brightstar.plibmobi.ws.dto.ResultTransferAx> com.brightstar.plibmobi.rest.TestController.transferDeposit(java.lang.Integer)
2019-10-31 09:52:58,585 INFO o.s.w.s.h.AbstractHandlerMethodMapping$MappingRegistry [restartedMain] Mapped "{[/test/confirmQuote/{serialNumber}],methods=[GET]}" onto public org.springframework.http.ResponseEntity<com.brightstar.mpx.client.PricingMatrixQuoteOutput> com.brightstar.plibmobi.rest.TestController.confirmQuote(java.lang.String)
2019-10-31 09:52:58,585 INFO o.s.w.s.h.AbstractHandlerMethodMapping$MappingRegistry [restartedMain] Mapped "{[/test/interface/{serviceOrderId}],methods=[GET]}" onto public org.springframework.http.ResponseEntity<java.util.List<com.brightstar.plibmobi.model.InterfacePoOrderDetails>> com.brightstar.plibmobi.rest.TestController.findInterface(java.lang.Integer)
2019-10-31 09:52:58,586 INFO o.s.w.s.h.AbstractHandlerMethodMapping$MappingRegistry [restartedMain] Mapped "{[/],methods=[GET]}" onto public org.springframework.web.servlet.ModelAndView com.brightstar.plibmobi.security.controller.LoginController.home(javax.servlet.http.HttpServletRequest,javax.servlet.http.HttpSession)
2019-10-31 09:52:58,587 INFO o.s.w.s.h.AbstractHandlerMethodMapping$MappingRegistry [restartedMain] Mapped "{[/logout],methods=[GET]}" onto public java.lang.String com.brightstar.plibmobi.security.controller.LoginController.logout()
2019-10-31 09:52:58,587 INFO o.s.w.s.h.AbstractHandlerMethodMapping$MappingRegistry [restartedMain] Mapped "{[/login],methods=[GET]}" onto public java.lang.String com.brightstar.plibmobi.security.controller.LoginController.login()
2019-10-31 09:52:58,588 INFO o.s.w.s.h.AbstractHandlerMethodMapping$MappingRegistry [restartedMain] Mapped "{[/usuario],methods=[GET]}" onto public java.lang.String com.brightstar.plibmobi.security.controller.LoginController.usuario()
2019-10-31 09:52:58,588 INFO o.s.w.s.h.AbstractHandlerMethodMapping$MappingRegistry [restartedMain] Mapped "{[/dashboard],methods=[GET]}" onto public java.lang.String com.brightstar.plibmobi.security.controller.LoginController.dashboard()
2019-10-31 09:52:58,591 INFO o.s.w.s.h.AbstractHandlerMethodMapping$MappingRegistry [restartedMain] Mapped "{[/error]}" onto public org.springframework.http.ResponseEntity<java.util.Map<java.lang.String, java.lang.Object>> org.springframework.boot.autoconfigure.web.servlet.error.BasicErrorController.error(javax.servlet.http.HttpServletRequest)
2019-10-31 09:52:58,592 INFO o.s.w.s.h.AbstractHandlerMethodMapping$MappingRegistry [restartedMain] Mapped "{[/error],produces=[text/html]}" onto public org.springframework.web.servlet.ModelAndView org.springframework.boot.autoconfigure.web.servlet.error.BasicErrorController.errorHtml(javax.servlet.http.HttpServletRequest,javax.servlet.http.HttpServletResponse)
2019-10-31 09:52:58,777 INFO o.s.w.s.h.AbstractUrlHandlerMapping [restartedMain] Mapped URL path [/webjars/**] onto handler of type [class org.springframework.web.servlet.resource.ResourceHttpRequestHandler]
2019-10-31 09:52:58,778 INFO o.s.w.s.h.AbstractUrlHandlerMapping [restartedMain] Mapped URL path [/**] onto handler of type [class org.springframework.web.servlet.resource.ResourceHttpRequestHandler]
2019-10-31 09:52:58,855 INFO o.s.w.s.m.m.a.ExceptionHandlerExceptionResolver [restartedMain] Detected @ExceptionHandler methods in globalExceptionHandler
2019-10-31 09:52:58,950 INFO o.s.w.s.h.AbstractUrlHandlerMapping [restartedMain] Mapped URL path [/**/favicon.ico] onto handler of type [class org.springframework.web.servlet.resource.ResourceHttpRequestHandler]
2019-10-31 09:53:00,673 INFO o.s.b.d.a.OptionalLiveReloadServer [restartedMain] LiveReload server is running on port 35729
2019-10-31 09:53:00,714 INFO o.s.w.s.h.AbstractHandlerMethodMapping$MappingRegistry [restartedMain] Mapped "{[/actuator/health],methods=[GET],produces=[application/vnd.spring-boot.actuator.v2+json || application/json]}" onto public java.lang.Object org.springframework.boot.actuate.endpoint.web.servlet.AbstractWebMvcEndpointHandlerMapping$OperationHandler.handle(javax.servlet.http.HttpServletRequest,java.util.Map<java.lang.String, java.lang.String>)
2019-10-31 09:53:00,715 INFO o.s.w.s.h.AbstractHandlerMethodMapping$MappingRegistry [restartedMain] Mapped "{[/actuator/info],methods=[GET],produces=[application/vnd.spring-boot.actuator.v2+json || application/json]}" onto public java.lang.Object org.springframework.boot.actuate.endpoint.web.servlet.AbstractWebMvcEndpointHandlerMapping$OperationHandler.handle(javax.servlet.http.HttpServletRequest,java.util.Map<java.lang.String, java.lang.String>)
2019-10-31 09:53:00,716 INFO o.s.w.s.h.AbstractHandlerMethodMapping$MappingRegistry [restartedMain] Mapped "{[/actuator],methods=[GET],produces=[application/vnd.spring-boot.actuator.v2+json || application/json]}" onto protected java.util.Map<java.lang.String, java.util.Map<java.lang.String, org.springframework.boot.actuate.endpoint.web.Link>> org.springframework.boot.actuate.endpoint.web.servlet.WebMvcEndpointHandlerMapping.links(javax.servlet.http.HttpServletRequest,javax.servlet.http.HttpServletResponse)
2019-10-31 09:53:01,276 INFO o.s.j.e.MBeanExporter [restartedMain] Registering beans for JMX exposure on startup
2019-10-31 09:53:01,278 INFO o.s.j.e.MBeanExporter [restartedMain] Bean with name 'dataSource' has been autodetected for JMX exposure
2019-10-31 09:53:01,308 INFO o.s.j.e.MBeanExporter [restartedMain] Located MBean 'dataSource': registering with JMX server as MBean [com.zaxxer.hikari:name=dataSource,type=HikariDataSource]
2019-10-31 09:53:01,363 INFO o.a.j.l.DirectJDKLog [restartedMain] Starting ProtocolHandler ["http-nio-8034"]
2019-10-31 09:53:01,381 INFO o.a.j.l.DirectJDKLog [restartedMain] Using a shared selector for servlet write/read
2019-10-31 09:53:01,459 INFO o.s.b.w.e.t.TomcatWebServer [restartedMain] Tomcat started on port(s): 8034 (http) with context path ''
2019-10-31 09:53:01,467 INFO o.s.b.StartupInfoLogger [restartedMain] Started PlibMobiApplication in 30.281 seconds (JVM running for 32.469)
2019-10-31 09:57:16,050 INFO o.a.j.l.DirectJDKLog [http-nio-8034-exec-1] Initializing Spring FrameworkServlet 'dispatcherServlet'
2019-10-31 09:57:16,051 INFO o.s.w.s.FrameworkServlet [http-nio-8034-exec-1] FrameworkServlet 'dispatcherServlet': initialization started
2019-10-31 09:57:16,101 INFO o.s.w.s.FrameworkServlet [http-nio-8034-exec-1] FrameworkServlet 'dispatcherServlet': initialization completed in 50 ms
2019-10-31 09:58:51,641 INFO o.h.h.i.QueryTranslatorFactoryInitiator [http-nio-8034-exec-7] HHH000397: Using ASTQueryTranslatorFactory
2019-10-31 09:59:23,513 INFO o.s.b.a.SpringApplicationAdminMXBeanRegistrar$SpringApplicationAdmin [RMI TCP Connection(2)-127.0.0.1] Application shutdown requested.
2019-10-31 09:59:23,513 INFO o.s.c.s.AbstractApplicationContext [RMI TCP Connection(2)-127.0.0.1] Closing org.springframework.boot.web.servlet.context.AnnotationConfigServletWebServerApplicationContext@2b39bf96: startup date [Thu Oct 31 09:52:32 BRT 2019]; root of context hierarchy
2019-10-31 09:59:23,520 INFO o.s.j.e.MBeanExporter [RMI TCP Connection(2)-127.0.0.1] Unregistering JMX-exposed beans on shutdown
2019-10-31 09:59:23,521 INFO o.s.j.s.MBeanRegistrationSupport [RMI TCP Connection(2)-127.0.0.1] Unregistering JMX-exposed beans
2019-10-31 09:59:23,533 INFO o.s.o.j.AbstractEntityManagerFactoryBean [RMI TCP Connection(2)-127.0.0.1] Closing JPA EntityManagerFactory for persistence unit 'default'
2019-10-31 09:59:23,536 INFO c.z.h.HikariDataSource [RMI TCP Connection(2)-127.0.0.1] HikariPool-1 - Shutdown initiated...
2019-10-31 09:59:28,269 INFO c.z.h.HikariDataSource [RMI TCP Connection(2)-127.0.0.1] HikariPool-1 - Shutdown completed.
